<?xml version="1.0" encoding="UTF-8"?>
<!-- Generated by org.testng.reporters.JUnitReportReporter -->
<testsuite hostname="LAPTOP-KBPQKETQ" failures="0" tests="3" name="com.crm.qa.testcases.ContactsPageTest" time="102.976" errors="0" timestamp="21 Nov 2019 15:15:28 GMT" skipped="0">
  <testcase classname="com.crm.qa.testcases.ContactsPageTest" name="validataCreateNewContactfromExcel" time="58.425"/>
  <testcase classname="com.crm.qa.testcases.ContactsPageTest" name="validataCreateNewContactfromExcel" time="18.876"/>
  <testcase classname="com.crm.qa.testcases.ContactsPageTest" name="validataCreateNewContactfromExcel" time="25.675"/>
</testsuite> <!-- com.crm.qa.testcases.ContactsPageTest -->
