<?xml version="1.0" encoding="UTF-8"?>
<!-- Generated by org.testng.reporters.JUnitReportReporter -->
<testsuite hostname="LAPTOP-KBPQKETQ" failures="0" tests="1" name="com.crm.qa.testcases.ContactsPageTest" time="0.000" errors="0" timestamp="21 Nov 2019 14:39:15 GMT" skipped="1">
  <testcase classname="com.crm.qa.testcases.ContactsPageTest" name="validataCreateNewContactfromExcel" time="0.000">
    <skipped/>
  </testcase> <!-- validataCreateNewContactfromExcel -->
</testsuite> <!-- com.crm.qa.testcases.ContactsPageTest -->
