<?xml version="1.0" encoding="UTF-8"?>
<!-- Generated by org.testng.reporters.JUnitReportReporter -->
<testsuite hostname="LAPTOP-KBPQKETQ" failures="0" tests="3" name="com.crm.qa.testcases.ContactsPageTest" time="56.858" errors="0" timestamp="21 Nov 2019 18:33:47 GMT" skipped="0">
  <testcase classname="com.crm.qa.testcases.ContactsPageTest" name="validataCreateNewContactfromExcel" time="22.853"/>
  <testcase classname="com.crm.qa.testcases.ContactsPageTest" name="validataCreateNewContactfromExcel" time="19.476"/>
  <testcase classname="com.crm.qa.testcases.ContactsPageTest" name="validataCreateNewContactfromExcel" time="14.529"/>
</testsuite> <!-- com.crm.qa.testcases.ContactsPageTest -->
