<?xml version="1.0" encoding="UTF-8"?>
<!-- Generated by org.testng.reporters.JUnitReportReporter -->
<testsuite hostname="LAPTOP-KBPQKETQ" failures="0" tests="3" name="com.crm.qa.testcases.ContactsPageTest" time="42.573" errors="0" timestamp="18 Nov 2019 16:01:46 GMT" skipped="0">
  <testcase classname="com.crm.qa.testcases.ContactsPageTest" name="validataCreateNewContactfromExcel" time="15.178"/>
  <testcase classname="com.crm.qa.testcases.ContactsPageTest" name="validataCreateNewContactfromExcel" time="13.282"/>
  <testcase classname="com.crm.qa.testcases.ContactsPageTest" name="validataCreateNewContactfromExcel" time="14.113"/>
</testsuite> <!-- com.crm.qa.testcases.ContactsPageTest -->
